# JRE version: Java(TM) SE Runtime Environment (8.0_201-b09) (build 1.8.0_201-b09)
# Java VM: Java HotSpot(TM) 64-Bit Server VM (25.201-b09 mixed mode windows-amd64 compressed oops)
Heap:
 PSYoungGen      total 303616K, used 101858K [0x00000000d5f80000, 0x00000000ecf80000, 0x0000000100000000)
  eden space 289792K, 33% used [0x00000000d5f80000,0x00000000dbe090f8,0x00000000e7a80000)
  from space 13824K, 36% used [0x00000000e7a80000,0x00000000e7f6f860,0x00000000e8800000)
  to   space 14848K, 0% used [0x00000000e8800000,0x00000000e8800000,0x00000000e9680000)
 ParOldGen       total 87552K, used 12083K [0x0000000081e00000, 0x0000000087380000, 0x00000000d5f80000)
  object space 87552K, 13% used [0x0000000081e00000,0x00000000829ccfd8,0x0000000087380000)
 Metaspace       used 15796K, capacity 16020K, committed 16128K, reserved 1062912K
  class space    used 1912K, capacity 2002K, committed 2048K, reserved 1048576K
GC Heap History (10 events):
Event: 2.972 GC heap before
{Heap before GC invocations=12 (full 1):
 PSYoungGen      total 188928K, used 188457K [0x00000000d5f80000, 0x00000000e5380000, 0x0000000100000000)
  eden space 180224K, 100% used [0x00000000d5f80000,0x00000000e0f80000,0x00000000e0f80000)
  from space 8704K, 94% used [0x00000000e4b00000,0x00000000e530a478,0x00000000e5380000)
  to   space 15872K, 0% used [0x00000000e3480000,0x00000000e3480000,0x00000000e4400000)
 ParOldGen       total 87552K, used 9211K [0x0000000081e00000, 0x0000000087380000, 0x00000000d5f80000)
  object space 87552K, 10% used [0x0000000081e00000,0x00000000826fee88,0x0000000087380000)
 Metaspace       used 12999K, capacity 13188K, committed 13440K, reserved 1060864K
  class space    used 1490K, capacity 1576K, committed 1664K, reserved 1048576K
Event: 2.977 GC heap after
Heap after GC invocations=12 (full 1):
 PSYoungGen      total 233984K, used 5703K [0x00000000d5f80000, 0x00000000e9680000, 0x0000000100000000)
  eden space 218112K, 0% used [0x00000000d5f80000,0x00000000d5f80000,0x00000000e3480000)
  from space 15872K, 35% used [0x00000000e3480000,0x00000000e3a11e60,0x00000000e4400000)
  to   space 14848K, 0% used [0x00000000e8800000,0x00000000e8800000,0x00000000e9680000)
 ParOldGen       total 87552K, used 11859K [0x0000000081e00000, 0x0000000087380000, 0x00000000d5f80000)
  object space 87552K, 13% used [0x0000000081e00000,0x0000000082994c90,0x0000000087380000)
 Metaspace       used 12999K, capacity 13188K, committed 13440K, reserved 1060864K
  class space    used 1490K, capacity 1576K, committed 1664K, reserved 1048576K
}
Event: 3.227 GC heap before
{Heap before GC invocations=13 (full 1):
 PSYoungGen      total 233984K, used 223815K [0x00000000d5f80000, 0x00000000e9680000, 0x0000000100000000)
  eden space 218112K, 100% used [0x00000000d5f80000,0x00000000e3480000,0x00000000e3480000)
  from space 15872K, 35% used [0x00000000e3480000,0x00000000e3a11e60,0x00000000e4400000)
  to   space 14848K, 0% used [0x00000000e8800000,0x00000000e8800000,0x00000000e9680000)
 ParOldGen       total 87552K, used 11859K [0x0000000081e00000, 0x0000000087380000, 0x00000000d5f80000)
  object space 87552K, 13% used [0x0000000081e00000,0x0000000082994c90,0x0000000087380000)
 Metaspace       used 13096K, capacity 13316K, committed 13440K, reserved 1060864K
  class space    used 1490K, capacity 1576K, committed 1664K, reserved 1048576K
Event: 3.231 GC heap after
Heap after GC invocations=13 (full 1):
 PSYoungGen      total 304640K, used 5767K [0x00000000d5f80000, 0x00000000ecf80000, 0x0000000100000000)
  eden space 289792K, 0% used [0x00000000d5f80000,0x00000000d5f80000,0x00000000e7a80000)
  from space 14848K, 38% used [0x00000000e8800000,0x00000000e8da1d10,0x00000000e9680000)
  to   space 13824K, 0% used [0x00000000e7a80000,0x00000000e7a80000,0x00000000e8800000)
 ParOldGen       total 87552K, used 11912K [0x0000000081e00000, 0x0000000087380000, 0x00000000d5f80000)
  object space 87552K, 13% used [0x0000000081e00000,0x00000000829a23d0,0x0000000087380000)
 Metaspace       used 13096K, capacity 13316K, committed 13440K, reserved 1060864K
  class space    used 1490K, capacity 1576K, committed 1664K, reserved 1048576K
}
Event: 3.542 GC heap before
{Heap before GC invocations=14 (full 1):
 PSYoungGen      total 304640K, used 295559K [0x00000000d5f80000, 0x00000000ecf80000, 0x0000000100000000)
  eden space 289792K, 100% used [0x00000000d5f80000,0x00000000e7a80000,0x00000000e7a80000)
  from space 14848K, 38% used [0x00000000e8800000,0x00000000e8da1d10,0x00000000e9680000)
  to   space 13824K, 0% used [0x00000000e7a80000,0x00000000e7a80000,0x00000000e8800000)
 ParOldGen       total 87552K, used 11912K [0x0000000081e00000, 0x0000000087380000, 0x00000000d5f80000)
  object space 87552K, 13% used [0x0000000081e00000,0x00000000829a23d0,0x0000000087380000)
 Metaspace       used 13182K, capacity 13380K, committed 13696K, reserved 1060864K
  class space    used 1490K, capacity 1576K, committed 1664K, reserved 1048576K
Event: 3.547 GC heap after
Heap after GC invocations=14 (full 1):
 PSYoungGen      total 303616K, used 5852K [0x00000000d5f80000, 0x00000000ecf80000, 0x0000000100000000)
  eden space 289792K, 0% used [0x00000000d5f80000,0x00000000d5f80000,0x00000000e7a80000)
  from space 13824K, 42% used [0x00000000e7a80000,0x00000000e80371f0,0x00000000e8800000)
  to   space 14848K, 0% used [0x00000000e8800000,0x00000000e8800000,0x00000000e9680000)
 ParOldGen       total 87552K, used 11952K [0x0000000081e00000, 0x0000000087380000, 0x00000000d5f80000)
  object space 87552K, 13% used [0x0000000081e00000,0x00000000829ac3d0,0x0000000087380000)
 Metaspace       used 13182K, capacity 13380K, committed 13696K, reserved 1060864K
  class space    used 1490K, capacity 1576K, committed 1664K, reserved 1048576K
}
Event: 3.809 GC heap before
{Heap before GC invocations=15 (full 1):
 PSYoungGen      total 303616K, used 295644K [0x00000000d5f80000, 0x00000000ecf80000, 0x0000000100000000)
  eden space 289792K, 100% used [0x00000000d5f80000,0x00000000e7a80000,0x00000000e7a80000)
  from space 13824K, 42% used [0x00000000e7a80000,0x00000000e80371f0,0x00000000e8800000)
  to   space 14848K, 0% used [0x00000000e8800000,0x00000000e8800000,0x00000000e9680000)
 ParOldGen       total 87552K, used 11952K [0x0000000081e00000, 0x0000000087380000, 0x00000000d5f80000)
  object space 87552K, 13% used [0x0000000081e00000,0x00000000829ac3d0,0x0000000087380000)
 Metaspace       used 13225K, capacity 13444K, committed 13696K, reserved 1060864K
  class space    used 1490K, capacity 1576K, committed 1664K, reserved 1048576K
Event: 3.813 GC heap after
Heap after GC invocations=15 (full 1):
 PSYoungGen      total 304640K, used 5519K [0x00000000d5f80000, 0x00000000ecf80000, 0x0000000100000000)
  eden space 289792K, 0% used [0x00000000d5f80000,0x00000000d5f80000,0x00000000e7a80000)
  from space 14848K, 37% used [0x00000000e8800000,0x00000000e8d63c58,0x00000000e9680000)
  to   space 13824K, 0% used [0x00000000e7a80000,0x00000000e7a80000,0x00000000e8800000)
 ParOldGen       total 87552K, used 11992K [0x0000000081e00000, 0x0000000087380000, 0x00000000d5f80000)
  object space 87552K, 13% used [0x0000000081e00000,0x00000000829b63d0,0x0000000087380000)
 Metaspace       used 13225K, capacity 13444K, committed 13696K, reserved 1060864K
  class space    used 1490K, capacity 1576K, committed 1664K, reserved 1048576K
}
Event: 4.092 GC heap before
{Heap before GC invocations=16 (full 1):
 PSYoungGen      total 304640K, used 295311K [0x00000000d5f80000, 0x00000000ecf80000, 0x0000000100000000)
  eden space 289792K, 100% used [0x00000000d5f80000,0x00000000e7a80000,0x00000000e7a80000)
  from space 14848K, 37% used [0x00000000e8800000,0x00000000e8d63c58,0x00000000e9680000)
  to   space 13824K, 0% used [0x00000000e7a80000,0x00000000e7a80000,0x00000000e8800000)
 ParOldGen       total 87552K, used 11992K [0x0000000081e00000, 0x0000000087380000, 0x00000000d5f80000)
  object space 87552K, 13% used [0x0000000081e00000,0x00000000829b63d0,0x0000000087380000)
 Metaspace       used 13323K, capacity 13508K, committed 13696K, reserved 1060864K
  class space    used 1490K, capacity 1576K, committed 1664K, reserved 1048576K
Event: 4.095 GC heap after
Heap after GC invocations=16 (full 1):
 PSYoungGen      total 303616K, used 5054K [0x00000000d5f80000, 0x00000000ecf80000, 0x0000000100000000)
  eden space 289792K, 0% used [0x00000000d5f80000,0x00000000d5f80000,0x00000000e7a80000)
  from space 13824K, 36% used [0x00000000e7a80000,0x00000000e7f6f860,0x00000000e8800000)
  to   space 14848K, 0% used [0x00000000e8800000,0x00000000e8800000,0x00000000e9680000)
 ParOldGen       total 87552K, used 12083K [0x0000000081e00000, 0x0000000087380000, 0x00000000d5f80000)
  object space 87552K, 13% used [0x0000000081e00000,0x00000000829ccfd8,0x0000000087380000)
 Metaspace       used 13323K, capacity 13508K, committed 13696K, reserved 1060864K
  class space    used 1490K, capacity 1576K, committed 1664K, reserved 1048576K
}

