# JRE version: Java(TM) SE Runtime Environment (8.0_201-b09) (build 1.8.0_201-b09)
# Java VM: Java HotSpot(TM) 64-Bit Server VM (25.201-b09 mixed mode windows-amd64 compressed oops)
Heap:
 PSYoungGen      total 71680K, used 34162K [0x00000000d5f80000, 0x00000000de780000, 0x0000000100000000)
  eden space 52224K, 52% used [0x00000000d5f80000,0x00000000d7a15570,0x00000000d9280000)
  from space 19456K, 35% used [0x00000000d9280000,0x00000000d9947360,0x00000000da580000)
  to   space 17408K, 0% used [0x00000000dd680000,0x00000000dd680000,0x00000000de780000)
 ParOldGen       total 87552K, used 12151K [0x0000000081e00000, 0x0000000087380000, 0x00000000d5f80000)
  object space 87552K, 13% used [0x0000000081e00000,0x00000000829ddd40,0x0000000087380000)
 Metaspace       used 12884K, capacity 13124K, committed 13440K, reserved 1060864K
  class space    used 1490K, capacity 1576K, committed 1664K, reserved 1048576K
GC Heap History (10 events):
Event: 2.244 GC heap before
{Heap before GC invocations=6 (full 1):
 PSYoungGen      total 38400K, used 34826K [0x00000000d5f80000, 0x00000000daa80000, 0x0000000100000000)
  eden space 33280K, 100% used [0x00000000d5f80000,0x00000000d8000000,0x00000000d8000000)
  from space 5120K, 30% used [0x00000000d8500000,0x00000000d86829d0,0x00000000d8a00000)
  to   space 5120K, 0% used [0x00000000d8000000,0x00000000d8000000,0x00000000d8500000)
 ParOldGen       total 87552K, used 9092K [0x0000000081e00000, 0x0000000087380000, 0x00000000d5f80000)
  object space 87552K, 10% used [0x0000000081e00000,0x00000000826e10e8,0x0000000087380000)
 Metaspace       used 12565K, capacity 12804K, committed 12928K, reserved 1060864K
  class space    used 1478K, capacity 1576K, committed 1664K, reserved 1048576K
Event: 2.245 GC heap after
Heap after GC invocations=6 (full 1):
 PSYoungGen      total 38400K, used 1834K [0x00000000d5f80000, 0x00000000daa80000, 0x0000000100000000)
  eden space 33280K, 0% used [0x00000000d5f80000,0x00000000d5f80000,0x00000000d8000000)
  from space 5120K, 35% used [0x00000000d8000000,0x00000000d81ca9d0,0x00000000d8500000)
  to   space 5120K, 0% used [0x00000000da580000,0x00000000da580000,0x00000000daa80000)
 ParOldGen       total 87552K, used 9092K [0x0000000081e00000, 0x0000000087380000, 0x00000000d5f80000)
  object space 87552K, 10% used [0x0000000081e00000,0x00000000826e10e8,0x0000000087380000)
 Metaspace       used 12565K, capacity 12804K, committed 12928K, reserved 1060864K
  class space    used 1478K, capacity 1576K, committed 1664K, reserved 1048576K
}
Event: 2.286 GC heap before
{Heap before GC invocations=7 (full 1):
 PSYoungGen      total 38400K, used 35114K [0x00000000d5f80000, 0x00000000daa80000, 0x0000000100000000)
  eden space 33280K, 100% used [0x00000000d5f80000,0x00000000d8000000,0x00000000d8000000)
  from space 5120K, 35% used [0x00000000d8000000,0x00000000d81ca9d0,0x00000000d8500000)
  to   space 5120K, 0% used [0x00000000da580000,0x00000000da580000,0x00000000daa80000)
 ParOldGen       total 87552K, used 9092K [0x0000000081e00000, 0x0000000087380000, 0x00000000d5f80000)
  object space 87552K, 10% used [0x0000000081e00000,0x00000000826e10e8,0x0000000087380000)
 Metaspace       used 12565K, capacity 12804K, committed 12928K, reserved 1060864K
  class space    used 1478K, capacity 1576K, committed 1664K, reserved 1048576K
Event: 2.288 GC heap after
Heap after GC invocations=7 (full 1):
 PSYoungGen      total 57344K, used 2090K [0x00000000d5f80000, 0x00000000dc680000, 0x0000000100000000)
  eden space 52224K, 0% used [0x00000000d5f80000,0x00000000d5f80000,0x00000000d9280000)
  from space 5120K, 40% used [0x00000000da580000,0x00000000da78a9d0,0x00000000daa80000)
  to   space 19456K, 0% used [0x00000000d9280000,0x00000000d9280000,0x00000000da580000)
 ParOldGen       total 87552K, used 9092K [0x0000000081e00000, 0x0000000087380000, 0x00000000d5f80000)
  object space 87552K, 10% used [0x0000000081e00000,0x00000000826e10e8,0x0000000087380000)
 Metaspace       used 12565K, capacity 12804K, committed 12928K, reserved 1060864K
  class space    used 1478K, capacity 1576K, committed 1664K, reserved 1048576K
}
Event: 2.369 GC heap before
{Heap before GC invocations=8 (full 1):
 PSYoungGen      total 57344K, used 54314K [0x00000000d5f80000, 0x00000000dc680000, 0x0000000100000000)
  eden space 52224K, 100% used [0x00000000d5f80000,0x00000000d9280000,0x00000000d9280000)
  from space 5120K, 40% used [0x00000000da580000,0x00000000da78a9d0,0x00000000daa80000)
  to   space 19456K, 0% used [0x00000000d9280000,0x00000000d9280000,0x00000000da580000)
 ParOldGen       total 87552K, used 9092K [0x0000000081e00000, 0x0000000087380000, 0x00000000d5f80000)
  object space 87552K, 10% used [0x0000000081e00000,0x00000000826e10e8,0x0000000087380000)
 Metaspace       used 12580K, capacity 12804K, committed 12928K, reserved 1060864K
  class space    used 1478K, capacity 1576K, committed 1664K, reserved 1048576K
Event: 2.371 GC heap after
Heap after GC invocations=8 (full 1):
 PSYoungGen      total 71680K, used 2442K [0x00000000d5f80000, 0x00000000dc680000, 0x0000000100000000)
  eden space 52224K, 0% used [0x00000000d5f80000,0x00000000d5f80000,0x00000000d9280000)
  from space 19456K, 12% used [0x00000000d9280000,0x00000000d94e29d0,0x00000000da580000)
  to   space 5120K, 0% used [0x00000000da580000,0x00000000da580000,0x00000000daa80000)
 ParOldGen       total 87552K, used 9092K [0x0000000081e00000, 0x0000000087380000, 0x00000000d5f80000)
  object space 87552K, 10% used [0x0000000081e00000,0x00000000826e10e8,0x0000000087380000)
 Metaspace       used 12580K, capacity 12804K, committed 12928K, reserved 1060864K
  class space    used 1478K, capacity 1576K, committed 1664K, reserved 1048576K
}
Event: 2.513 GC heap before
{Heap before GC invocations=9 (full 1):
 PSYoungGen      total 71680K, used 54655K [0x00000000d5f80000, 0x00000000dc680000, 0x0000000100000000)
  eden space 52224K, 99% used [0x00000000d5f80000,0x00000000d927d3b0,0x00000000d9280000)
  from space 19456K, 12% used [0x00000000d9280000,0x00000000d94e29d0,0x00000000da580000)
  to   space 5120K, 0% used [0x00000000da580000,0x00000000da580000,0x00000000daa80000)
 ParOldGen       total 87552K, used 9092K [0x0000000081e00000, 0x0000000087380000, 0x00000000d5f80000)
  object space 87552K, 10% used [0x0000000081e00000,0x00000000826e10e8,0x0000000087380000)
 Metaspace       used 12811K, capacity 12996K, committed 13184K, reserved 1060864K
  class space    used 1490K, capacity 1576K, committed 1664K, reserved 1048576K
Event: 2.518 GC heap after
Heap after GC invocations=9 (full 1):
 PSYoungGen      total 57344K, used 5116K [0x00000000d5f80000, 0x00000000dc680000, 0x0000000100000000)
  eden space 52224K, 0% used [0x00000000d5f80000,0x00000000d5f80000,0x00000000d9280000)
  from space 5120K, 99% used [0x00000000da580000,0x00000000daa7f0e0,0x00000000daa80000)
  to   space 19456K, 0% used [0x00000000d9280000,0x00000000d9280000,0x00000000da580000)
 ParOldGen       total 87552K, used 12143K [0x0000000081e00000, 0x0000000087380000, 0x00000000d5f80000)
  object space 87552K, 13% used [0x0000000081e00000,0x00000000829dbd40,0x0000000087380000)
 Metaspace       used 12811K, capacity 12996K, committed 13184K, reserved 1060864K
  class space    used 1490K, capacity 1576K, committed 1664K, reserved 1048576K
}
Event: 2.589 GC heap before
{Heap before GC invocations=10 (full 1):
 PSYoungGen      total 57344K, used 57340K [0x00000000d5f80000, 0x00000000dc680000, 0x0000000100000000)
  eden space 52224K, 100% used [0x00000000d5f80000,0x00000000d9280000,0x00000000d9280000)
  from space 5120K, 99% used [0x00000000da580000,0x00000000daa7f0e0,0x00000000daa80000)
  to   space 19456K, 0% used [0x00000000d9280000,0x00000000d9280000,0x00000000da580000)
 ParOldGen       total 87552K, used 12143K [0x0000000081e00000, 0x0000000087380000, 0x00000000d5f80000)
  object space 87552K, 13% used [0x0000000081e00000,0x00000000829dbd40,0x0000000087380000)
 Metaspace       used 12866K, capacity 13060K, committed 13184K, reserved 1060864K
  class space    used 1490K, capacity 1576K, committed 1664K, reserved 1048576K
Event: 2.594 GC heap after
Heap after GC invocations=10 (full 1):
 PSYoungGen      total 71680K, used 6940K [0x00000000d5f80000, 0x00000000de780000, 0x0000000100000000)
  eden space 52224K, 0% used [0x00000000d5f80000,0x00000000d5f80000,0x00000000d9280000)
  from space 19456K, 35% used [0x00000000d9280000,0x00000000d9947360,0x00000000da580000)
  to   space 17408K, 0% used [0x00000000dd680000,0x00000000dd680000,0x00000000de780000)
 ParOldGen       total 87552K, used 12151K [0x0000000081e00000, 0x0000000087380000, 0x00000000d5f80000)
  object space 87552K, 13% used [0x0000000081e00000,0x00000000829ddd40,0x0000000087380000)
 Metaspace       used 12866K, capacity 13060K, committed 13184K, reserved 1060864K
  class space    used 1490K, capacity 1576K, committed 1664K, reserved 1048576K
}

